$ make coverage
coverage report -m 
Name                        Stmts   Miss  Cover   Missing
---------------------------------------------------------
src/__init__.py                 0      0   100%
src/dices.py                   17      0   100%
src/exceptions.py               3      0   100%
src/file_handler.py            13      0   100%
src/game_engine.py            193     14    93%   79, 189, 227-228, 231-233, 348-354
src/player.py                  46      0   100%
src/rules.py                   81      0   100%
src/terminal.py                76     15    80%   14-16, 99-101, 108, 115, 121-123, 127-130
src/tui_engine.py             148      0   100%
test/__init__.py                0      0   100%
test/test_dice.py              32      0   100%
test/test_file_handler.py      12      0   100%
test/test_game_engine.py      121      0   100%
test/test_player.py            49      0   100%
test/test_rules.py             48      0   100%
test/test_terminal.py          24      2    92%   31, 45
test/test_tui_engine.py       102      0   100%
---------------------------------------------------------
TOTAL                         965     31    97%
